Copyright 1986-2017 Xilinx, Inc. All Rights Reserved.
---------------------------------------------------------------------------------------------
| Tool Version : Vivado v.2017.4 (lin64) Build 2086221 Fri Dec 15 20:54:30 MST 2017
| Date         : Wed Feb 13 15:49:27 2019
| Host         : ispc2016 running 64-bit Ubuntu 16.04.5 LTS
| Command      : report_control_sets -verbose -file design_1_wrapper_control_sets_placed.rpt
| Design       : design_1_wrapper
| Device       : xcku040
---------------------------------------------------------------------------------------------

Control Set Information

Table of Contents
-----------------
1. Summary
2. Flip-Flop Distribution
3. Detailed Control Set Information

1. Summary
----------

+----------------------------------------------------------+-------+
|                          Status                          | Count |
+----------------------------------------------------------+-------+
| Number of unique control sets                            |   113 |
| Unused register locations in slices containing registers |    62 |
+----------------------------------------------------------+-------+


2. Flip-Flop Distribution
-------------------------

+--------------+-----------------------+------------------------+-----------------+--------------+
| Clock Enable | Synchronous Set/Reset | Asynchronous Set/Reset | Total Registers | Total Slices |
+--------------+-----------------------+------------------------+-----------------+--------------+
| No           | No                    | No                     |             733 |          324 |
| No           | No                    | Yes                    |               0 |            0 |
| No           | Yes                   | No                     |             151 |           58 |
| Yes          | No                    | No                     |              72 |           32 |
| Yes          | No                    | Yes                    |               0 |            0 |
| Yes          | Yes                   | No                     |            2634 |          734 |
+--------------+-----------------------+------------------------+-----------------+--------------+


3. Detailed Control Set Information
-----------------------------------

+-------------------------------------+-------------------------------------------------------------------------------------------------------------+----------------------------------------------------------------------------------------------------------------------+------------------+----------------+
|             Clock Signal            |                                                Enable Signal                                                |                                                   Set/Reset Signal                                                   | Slice Load Count | Bel Load Count |
+-------------------------------------+-------------------------------------------------------------------------------------------------------------+----------------------------------------------------------------------------------------------------------------------+------------------+----------------+
|  design_1_i/clk_wiz_0/inst/clk_out1 | design_1_i/nino_core_0/inst/startwait[1]_i_1_n_0                                                            | design_1_i/rst_clk_wiz_0_100M/U0/peripheral_aresetn[0]                                                               |                1 |              2 |
|  design_1_i/clk_wiz_0/inst/clk_out1 | design_1_i/nino_core_0/inst/e2nextpc                                                                        | design_1_i/nino_core_0/inst/e2nextpc[1]_i_1_n_0                                                                      |                1 |              2 |
|  design_1_i/clk_wiz_0/inst/clk_out1 | design_1_i/nino_core_0/inst/enextpc[22]_i_1_n_0                                                             | design_1_i/nino_core_0/inst/enextpc[1]_i_1_n_0                                                                       |                1 |              2 |
|  design_1_i/clk_wiz_0/inst/clk_out1 | design_1_i/axi_uartlite_0/U0/AXI_LITE_IPIF_I/I_SLAVE_ATTACHMENT/start2_i_1_n_0                              | design_1_i/axi_uartlite_0/U0/AXI_LITE_IPIF_I/I_SLAVE_ATTACHMENT/rst                                                  |                1 |              2 |
|  design_1_i/clk_wiz_0/inst/clk_out1 | design_1_i/nino_core_0/inst/io_state[2]_i_1_n_0                                                             | design_1_i/rst_clk_wiz_0_100M/U0/peripheral_aresetn[0]                                                               |                1 |              3 |
|  design_1_i/clk_wiz_0/inst/clk_out1 | design_1_i/axi_uartlite_0/U0/UARTLITE_CORE_I/UARTLITE_TX_I/mux_sel                                          | design_1_i/rst_clk_wiz_0_100M/U0/peripheral_aresetn[0]                                                               |                0 |              3 |
|  design_1_i/clk_wiz_0/inst/clk_out1 |                                                                                                             | design_1_i/rst_clk_wiz_0_100M/U0/EXT_LPF/lpf_int                                                                     |                1 |              4 |
|  design_1_i/clk_wiz_0/inst/clk_out1 | design_1_i/axi_uartlite_0/U0/AXI_LITE_IPIF_I/I_SLAVE_ATTACHMENT/start2                                      | design_1_i/axi_uartlite_0/U0/AXI_LITE_IPIF_I/I_SLAVE_ATTACHMENT/I_DECODER/cs_ce_clr                                  |                0 |              4 |
|  design_1_i/clk_wiz_0/inst/clk_out1 | design_1_i/axi_uartlite_0/U0/UARTLITE_CORE_I/BAUD_RATE_I/en_16x_Baud                                        |                                                                                                                      |                2 |              4 |
|  design_1_i/clk_wiz_0/inst/clk_out1 | design_1_i/nino_core_0/inst/p_0_in85_in                                                                     | design_1_i/rst_clk_wiz_0_100M/U0/peripheral_aresetn[0]                                                               |                0 |              5 |
|  design_1_i/clk_wiz_0/inst/clk_out1 | design_1_i/nino_core_0/inst/p_1_in8_in                                                                      | design_1_i/nino_core_0/inst/fopinst[4]_i_1_n_0                                                                       |                1 |              5 |
|  design_1_i/clk_wiz_0/inst/clk_out1 | design_1_i/nino_core_0/inst/fopinst                                                                         |                                                                                                                      |                1 |              5 |
|  design_1_i/clk_wiz_0/inst/clk_out1 |                                                                                                             | design_1_i/axi_uartlite_0/U0/UARTLITE_CORE_I/UARTLITE_RX_I/SRL_FIFO_I/I_SRL_FIFO_RBU_F/CNTR_INCR_DECR_ADDN_F_I/SS[0] |                2 |              6 |
|  design_1_i/clk_wiz_0/inst/clk_out1 | design_1_i/nino_core_0/inst/rs2[31]_i_1_n_0                                                                 | design_1_i/rst_clk_wiz_0_100M/U0/peripheral_aresetn[0]                                                               |                1 |              6 |
|  design_1_i/clk_wiz_0/inst/clk_out1 | design_1_i/rst_clk_wiz_0_100M/U0/SEQ/seq_cnt_en                                                             | design_1_i/rst_clk_wiz_0_100M/U0/SEQ/seq_clr                                                                         |                1 |              6 |
|  design_1_i/clk_wiz_0/inst/clk_out1 |                                                                                                             | design_1_i/axi_uartlite_0/U0/AXI_LITE_IPIF_I/I_SLAVE_ATTACHMENT/rst                                                  |                2 |              6 |
|  design_1_i/clk_wiz_0/inst/clk_out1 |                                                                                                             | design_1_i/axi_uartlite_0/U0/UARTLITE_CORE_I/UARTLITE_TX_I/SRL_FIFO_I/I_SRL_FIFO_RBU_F/CNTR_INCR_DECR_ADDN_F_I/SS[0] |                2 |              6 |
|  design_1_i/clk_wiz_0/inst/clk_out1 | design_1_i/axi_uartlite_0/U0/AXI_LITE_IPIF_I/I_SLAVE_ATTACHMENT/I_DECODER/fifo_wr                           |                                                                                                                      |                1 |              8 |
|  design_1_i/clk_wiz_0/inst/clk_out1 | design_1_i/nino_core_0/inst/io_wdata[7]_i_1_n_0                                                             | design_1_i/rst_clk_wiz_0_100M/U0/peripheral_aresetn[0]                                                               |                2 |              8 |
|  design_1_i/clk_wiz_0/inst/clk_out1 |                                                                                                             | design_1_i/nino_core_0/inst/fadd_d/eyrreg[7]_i_1_n_0                                                                 |                5 |              8 |
|  design_1_i/clk_wiz_0/inst/clk_out1 |                                                                                                             | design_1_i/nino_core_0/inst/fadd_d/SR[0]                                                                             |                4 |              8 |
|  design_1_i/clk_wiz_0/inst/clk_out1 | design_1_i/nino_core_0/inst/p_1_in8_in                                                                      | design_1_i/nino_core_0/inst/erdnum[6]_i_1_n_0                                                                        |                3 |              8 |
|  design_1_i/clk_wiz_0/inst/clk_out1 | design_1_i/axi_uartlite_0/U0/UARTLITE_CORE_I/UARTLITE_RX_I/SRL_FIFO_I/I_SRL_FIFO_RBU_F/DYNSHREG_F_I/fifo_wr |                                                                                                                      |                1 |              8 |
|  design_1_i/clk_wiz_0/inst/clk_out1 | design_1_i/axi_uartlite_0/U0/AXI_LITE_IPIF_I/I_SLAVE_ATTACHMENT/s_axi_rdata_i                               | design_1_i/axi_uartlite_0/U0/AXI_LITE_IPIF_I/I_SLAVE_ATTACHMENT/rst                                                  |                4 |              8 |
|  design_1_i/clk_wiz_0/inst/clk_out1 |                                                                                                             | design_1_i/nino_core_0/inst/stage[8]_i_1_n_0                                                                         |                0 |              9 |
|  design_1_i/clk_wiz_0/inst/clk_out1 | design_1_i/axi_uartlite_0/U0/UARTLITE_CORE_I/BAUD_RATE_I/en_16x_Baud                                        | design_1_i/rst_clk_wiz_0_100M/U0/peripheral_aresetn[0]                                                               |                1 |             10 |
|  design_1_i/clk_wiz_0/inst/clk_out1 | design_1_i/nino_core_0/inst/rs1                                                                             | design_1_i/nino_core_0/inst/rs1[11]_i_1_n_0                                                                          |                8 |             12 |
|  design_1_i/clk_wiz_0/inst/clk_out1 | design_1_i/nino_core_0/inst/imm                                                                             | design_1_i/rst_clk_wiz_0_100M/U0/peripheral_aresetn[0]                                                               |                2 |             12 |
|  design_1_i/clk_wiz_0/inst/clk_out1 | design_1_i/nino_core_0/inst/p_1_in8_in                                                                      | design_1_i/rst_clk_wiz_0_100M/U0/peripheral_aresetn[0]                                                               |                8 |             14 |
|  design_1_i/clk_wiz_0/inst/clk_out1 | design_1_i/nino_core_0/inst/stage_reg_n_0_[5]                                                               | design_1_i/rst_clk_wiz_0_100M/U0/peripheral_aresetn[0]                                                               |               11 |             16 |
|  design_1_i/clk_wiz_0/inst/clk_out1 | design_1_i/nino_core_0/inst/rs1                                                                             | design_1_i/rst_clk_wiz_0_100M/U0/peripheral_aresetn[0]                                                               |               10 |             20 |
|  design_1_i/clk_wiz_0/inst/clk_out1 | design_1_i/nino_core_0/inst/e2nextpc                                                                        | design_1_i/rst_clk_wiz_0_100M/U0/peripheral_aresetn[0]                                                               |                3 |             21 |
|  design_1_i/clk_wiz_0/inst/clk_out1 | design_1_i/nino_core_0/inst/enextpc[22]_i_1_n_0                                                             | design_1_i/rst_clk_wiz_0_100M/U0/peripheral_aresetn[0]                                                               |                6 |             21 |
|  design_1_i/clk_wiz_0/inst/clk_out1 | design_1_i/nino_core_0/inst/fpcbf[22]_i_1_n_0                                                               | design_1_i/rst_clk_wiz_0_100M/U0/peripheral_aresetn[0]                                                               |                2 |             23 |
|  design_1_i/clk_wiz_0/inst/clk_out1 | design_1_i/nino_core_0/inst/dpc[22]_i_1_n_0                                                                 | design_1_i/rst_clk_wiz_0_100M/U0/peripheral_aresetn[0]                                                               |                7 |             23 |
|  design_1_i/clk_wiz_0/inst/clk_out1 | design_1_i/nino_core_0/inst/rs2[31]_i_1_n_0                                                                 |                                                                                                                      |                7 |             26 |
|  design_1_i/clk_wiz_0/inst/clk_out1 |                                                                                                             | design_1_i/nino_core_0/inst/fadd_d/x2ireg_reg[0]                                                                     |                5 |             29 |
|  design_1_i/clk_wiz_0/inst/clk_out1 | design_1_i/nino_core_0/inst/mainfreg[2][31]_i_1_n_0                                                         | design_1_i/rst_clk_wiz_0_100M/U0/peripheral_aresetn[0]                                                               |                5 |             32 |
|  design_1_i/clk_wiz_0/inst/clk_out1 | design_1_i/nino_core_0/inst/mainfreg[29][31]_i_1_n_0                                                        | design_1_i/rst_clk_wiz_0_100M/U0/peripheral_aresetn[0]                                                               |                3 |             32 |
|  design_1_i/clk_wiz_0/inst/clk_out1 | design_1_i/nino_core_0/inst/mainfreg[28][31]_i_1_n_0                                                        | design_1_i/rst_clk_wiz_0_100M/U0/peripheral_aresetn[0]                                                               |               14 |             32 |
|  design_1_i/clk_wiz_0/inst/clk_out1 | design_1_i/nino_core_0/inst/mainfreg[30][31]_i_1_n_0                                                        | design_1_i/rst_clk_wiz_0_100M/U0/peripheral_aresetn[0]                                                               |                1 |             32 |
|  design_1_i/clk_wiz_0/inst/clk_out1 | design_1_i/nino_core_0/inst/mainfreg[31][31]_i_1_n_0                                                        | design_1_i/rst_clk_wiz_0_100M/U0/peripheral_aresetn[0]                                                               |                2 |             32 |
|  design_1_i/clk_wiz_0/inst/clk_out1 | design_1_i/nino_core_0/inst/mainfreg[27][31]_i_1_n_0                                                        | design_1_i/rst_clk_wiz_0_100M/U0/peripheral_aresetn[0]                                                               |                1 |             32 |
|  design_1_i/clk_wiz_0/inst/clk_out1 | design_1_i/nino_core_0/inst/mainfreg[26][31]_i_1_n_0                                                        | design_1_i/rst_clk_wiz_0_100M/U0/peripheral_aresetn[0]                                                               |                2 |             32 |
|  design_1_i/clk_wiz_0/inst/clk_out1 | design_1_i/nino_core_0/inst/mainfreg[25][31]_i_1_n_0                                                        | design_1_i/rst_clk_wiz_0_100M/U0/peripheral_aresetn[0]                                                               |                5 |             32 |
|  design_1_i/clk_wiz_0/inst/clk_out1 | design_1_i/nino_core_0/inst/mainfreg[24][31]_i_1_n_0                                                        | design_1_i/rst_clk_wiz_0_100M/U0/peripheral_aresetn[0]                                                               |               23 |             32 |
|  design_1_i/clk_wiz_0/inst/clk_out1 | design_1_i/nino_core_0/inst/mainfreg[23][31]_i_1_n_0                                                        | design_1_i/rst_clk_wiz_0_100M/U0/peripheral_aresetn[0]                                                               |                6 |             32 |
|  design_1_i/clk_wiz_0/inst/clk_out1 | design_1_i/nino_core_0/inst/mainfreg[22][31]_i_1_n_0                                                        | design_1_i/rst_clk_wiz_0_100M/U0/peripheral_aresetn[0]                                                               |                2 |             32 |
|  design_1_i/clk_wiz_0/inst/clk_out1 | design_1_i/nino_core_0/inst/mainfreg[21][31]_i_1_n_0                                                        | design_1_i/rst_clk_wiz_0_100M/U0/peripheral_aresetn[0]                                                               |               11 |             32 |
|  design_1_i/clk_wiz_0/inst/clk_out1 | design_1_i/nino_core_0/inst/mainfreg[20][31]_i_1_n_0                                                        | design_1_i/rst_clk_wiz_0_100M/U0/peripheral_aresetn[0]                                                               |               18 |             32 |
|  design_1_i/clk_wiz_0/inst/clk_out1 | design_1_i/nino_core_0/inst/mainfreg[1][31]_i_1_n_0                                                         | design_1_i/rst_clk_wiz_0_100M/U0/peripheral_aresetn[0]                                                               |                7 |             32 |
|  design_1_i/clk_wiz_0/inst/clk_out1 | design_1_i/nino_core_0/inst/mainfreg[19][31]_i_1_n_0                                                        | design_1_i/rst_clk_wiz_0_100M/U0/peripheral_aresetn[0]                                                               |                3 |             32 |
|  design_1_i/clk_wiz_0/inst/clk_out1 | design_1_i/nino_core_0/inst/mainfreg[18][31]_i_1_n_0                                                        | design_1_i/rst_clk_wiz_0_100M/U0/peripheral_aresetn[0]                                                               |                8 |             32 |
|  design_1_i/clk_wiz_0/inst/clk_out1 | design_1_i/nino_core_0/inst/mainfreg[17][31]_i_1_n_0                                                        | design_1_i/rst_clk_wiz_0_100M/U0/peripheral_aresetn[0]                                                               |                9 |             32 |
|  design_1_i/clk_wiz_0/inst/clk_out1 | design_1_i/nino_core_0/inst/mainfreg[16][31]_i_1_n_0                                                        | design_1_i/rst_clk_wiz_0_100M/U0/peripheral_aresetn[0]                                                               |               29 |             32 |
|  design_1_i/clk_wiz_0/inst/clk_out1 | design_1_i/nino_core_0/inst/mainfreg[15][31]_i_1_n_0                                                        | design_1_i/rst_clk_wiz_0_100M/U0/peripheral_aresetn[0]                                                               |                6 |             32 |
|  design_1_i/clk_wiz_0/inst/clk_out1 | design_1_i/nino_core_0/inst/mainfreg[14][31]_i_1_n_0                                                        | design_1_i/rst_clk_wiz_0_100M/U0/peripheral_aresetn[0]                                                               |               11 |             32 |
|  design_1_i/clk_wiz_0/inst/clk_out1 | design_1_i/nino_core_0/inst/instoutreg[31]_i_1_n_0                                                          | design_1_i/rst_clk_wiz_0_100M/U0/peripheral_aresetn[0]                                                               |                1 |             32 |
|  design_1_i/clk_wiz_0/inst/clk_out1 | design_1_i/nino_core_0/inst/instoutreg3                                                                     | design_1_i/rst_clk_wiz_0_100M/U0/peripheral_aresetn[0]                                                               |                2 |             32 |
|  design_1_i/clk_wiz_0/inst/clk_out1 | design_1_i/nino_core_0/inst/instoutreg2[31]_i_1_n_0                                                         | design_1_i/rst_clk_wiz_0_100M/U0/peripheral_aresetn[0]                                                               |               25 |             32 |
|  design_1_i/clk_wiz_0/inst/clk_out1 | design_1_i/nino_core_0/inst/e2rslt                                                                          | design_1_i/rst_clk_wiz_0_100M/U0/peripheral_aresetn[0]                                                               |               22 |             32 |
|  design_1_i/clk_wiz_0/inst/clk_out1 | design_1_i/nino_core_0/inst/w2rslt                                                                          | design_1_i/rst_clk_wiz_0_100M/U0/peripheral_aresetn[0]                                                               |                6 |             32 |
|  design_1_i/clk_wiz_0/inst/clk_out1 | design_1_i/nino_core_0/inst/mainreg[20][31]_i_1_n_0                                                         | design_1_i/rst_clk_wiz_0_100M/U0/peripheral_aresetn[0]                                                               |               13 |             32 |
|  design_1_i/clk_wiz_0/inst/clk_out1 | design_1_i/nino_core_0/inst/mainreg[2][31]_i_1_n_0                                                          | design_1_i/rst_clk_wiz_0_100M/U0/peripheral_aresetn[0]                                                               |                5 |             32 |
|  design_1_i/clk_wiz_0/inst/clk_out1 | design_1_i/nino_core_0/inst/mainreg[29][31]_i_1_n_0                                                         | design_1_i/rst_clk_wiz_0_100M/U0/peripheral_aresetn[0]                                                               |                1 |             32 |
|  design_1_i/clk_wiz_0/inst/clk_out1 | design_1_i/nino_core_0/inst/mainreg[28][31]_i_1_n_0                                                         | design_1_i/rst_clk_wiz_0_100M/U0/peripheral_aresetn[0]                                                               |                4 |             32 |
|  design_1_i/clk_wiz_0/inst/clk_out1 | design_1_i/nino_core_0/inst/mainreg[27][31]_i_1_n_0                                                         | design_1_i/rst_clk_wiz_0_100M/U0/peripheral_aresetn[0]                                                               |                1 |             32 |
|  design_1_i/clk_wiz_0/inst/clk_out1 | design_1_i/nino_core_0/inst/mainreg[26][31]_i_1_n_0                                                         | design_1_i/rst_clk_wiz_0_100M/U0/peripheral_aresetn[0]                                                               |                4 |             32 |
|  design_1_i/clk_wiz_0/inst/clk_out1 | design_1_i/nino_core_0/inst/mainreg[25][31]_i_1_n_0                                                         | design_1_i/rst_clk_wiz_0_100M/U0/peripheral_aresetn[0]                                                               |                5 |             32 |
|  design_1_i/clk_wiz_0/inst/clk_out1 | design_1_i/nino_core_0/inst/mainreg[24][31]_i_1_n_0                                                         | design_1_i/rst_clk_wiz_0_100M/U0/peripheral_aresetn[0]                                                               |               13 |             32 |
|  design_1_i/clk_wiz_0/inst/clk_out1 | design_1_i/nino_core_0/inst/mainreg[23][31]_i_1_n_0                                                         | design_1_i/rst_clk_wiz_0_100M/U0/peripheral_aresetn[0]                                                               |                6 |             32 |
|  design_1_i/clk_wiz_0/inst/clk_out1 | design_1_i/nino_core_0/inst/mainreg[22][31]_i_1_n_0                                                         | design_1_i/rst_clk_wiz_0_100M/U0/peripheral_aresetn[0]                                                               |                6 |             32 |
|  design_1_i/clk_wiz_0/inst/clk_out1 | design_1_i/nino_core_0/inst/mainreg[21][31]_i_1_n_0                                                         | design_1_i/rst_clk_wiz_0_100M/U0/peripheral_aresetn[0]                                                               |                6 |             32 |
|  design_1_i/clk_wiz_0/inst/clk_out1 | design_1_i/nino_core_0/inst/mainfreg[6][31]_i_1_n_0                                                         | design_1_i/rst_clk_wiz_0_100M/U0/peripheral_aresetn[0]                                                               |                3 |             32 |
|  design_1_i/clk_wiz_0/inst/clk_out1 | design_1_i/nino_core_0/inst/mainreg[1][31]_i_1_n_0                                                          | design_1_i/rst_clk_wiz_0_100M/U0/peripheral_aresetn[0]                                                               |               16 |             32 |
|  design_1_i/clk_wiz_0/inst/clk_out1 | design_1_i/nino_core_0/inst/mainreg[19][31]_i_1_n_0                                                         | design_1_i/rst_clk_wiz_0_100M/U0/peripheral_aresetn[0]                                                               |                8 |             32 |
|  design_1_i/clk_wiz_0/inst/clk_out1 | design_1_i/nino_core_0/inst/mainreg[18][31]_i_1_n_0                                                         | design_1_i/rst_clk_wiz_0_100M/U0/peripheral_aresetn[0]                                                               |                9 |             32 |
|  design_1_i/clk_wiz_0/inst/clk_out1 | design_1_i/nino_core_0/inst/mainfreg[13][31]_i_1_n_0                                                        | design_1_i/rst_clk_wiz_0_100M/U0/peripheral_aresetn[0]                                                               |                4 |             32 |
|  design_1_i/clk_wiz_0/inst/clk_out1 | design_1_i/nino_core_0/inst/mainfreg[12][31]_i_1_n_0                                                        | design_1_i/rst_clk_wiz_0_100M/U0/peripheral_aresetn[0]                                                               |               18 |             32 |
|  design_1_i/clk_wiz_0/inst/clk_out1 | design_1_i/nino_core_0/inst/mainfreg[11][31]_i_1_n_0                                                        | design_1_i/rst_clk_wiz_0_100M/U0/peripheral_aresetn[0]                                                               |               10 |             32 |
|  design_1_i/clk_wiz_0/inst/clk_out1 | design_1_i/nino_core_0/inst/mainfreg[10][31]_i_1_n_0                                                        | design_1_i/rst_clk_wiz_0_100M/U0/peripheral_aresetn[0]                                                               |               30 |             32 |
|  design_1_i/clk_wiz_0/inst/clk_out1 | design_1_i/nino_core_0/inst/mainfreg[0][31]_i_1_n_0                                                         | design_1_i/rst_clk_wiz_0_100M/U0/peripheral_aresetn[0]                                                               |               32 |             32 |
|  design_1_i/clk_wiz_0/inst/clk_out1 | design_1_i/nino_core_0/inst/mainfreg[4][31]_i_1_n_0                                                         | design_1_i/rst_clk_wiz_0_100M/U0/peripheral_aresetn[0]                                                               |               13 |             32 |
|  design_1_i/clk_wiz_0/inst/clk_out1 | design_1_i/nino_core_0/inst/mainfreg[3][31]_i_1_n_0                                                         | design_1_i/rst_clk_wiz_0_100M/U0/peripheral_aresetn[0]                                                               |                1 |             32 |
|  design_1_i/clk_wiz_0/inst/clk_out1 | design_1_i/nino_core_0/inst/mainreg[31][31]_i_1_n_0                                                         | design_1_i/rst_clk_wiz_0_100M/U0/peripheral_aresetn[0]                                                               |                2 |             32 |
|  design_1_i/clk_wiz_0/inst/clk_out1 | design_1_i/nino_core_0/inst/mainfreg[5][31]_i_1_n_0                                                         | design_1_i/rst_clk_wiz_0_100M/U0/peripheral_aresetn[0]                                                               |                0 |             32 |
|  design_1_i/clk_wiz_0/inst/clk_out1 | design_1_i/nino_core_0/inst/mainfreg[7][31]_i_1_n_0                                                         | design_1_i/rst_clk_wiz_0_100M/U0/peripheral_aresetn[0]                                                               |                2 |             32 |
|  design_1_i/clk_wiz_0/inst/clk_out1 | design_1_i/nino_core_0/inst/mainfreg[8][31]_i_1_n_0                                                         | design_1_i/rst_clk_wiz_0_100M/U0/peripheral_aresetn[0]                                                               |                2 |             32 |
|  design_1_i/clk_wiz_0/inst/clk_out1 | design_1_i/nino_core_0/inst/mainfreg[9][31]_i_1_n_0                                                         | design_1_i/rst_clk_wiz_0_100M/U0/peripheral_aresetn[0]                                                               |                1 |             32 |
|  design_1_i/clk_wiz_0/inst/clk_out1 | design_1_i/nino_core_0/inst/mainreg[10][31]_i_1_n_0                                                         | design_1_i/rst_clk_wiz_0_100M/U0/peripheral_aresetn[0]                                                               |               29 |             32 |
|  design_1_i/clk_wiz_0/inst/clk_out1 | design_1_i/nino_core_0/inst/mainreg[11][31]_i_1_n_0                                                         | design_1_i/rst_clk_wiz_0_100M/U0/peripheral_aresetn[0]                                                               |               18 |             32 |
|  design_1_i/clk_wiz_0/inst/clk_out1 | design_1_i/nino_core_0/inst/mainreg[12][31]_i_1_n_0                                                         | design_1_i/rst_clk_wiz_0_100M/U0/peripheral_aresetn[0]                                                               |               19 |             32 |
|  design_1_i/clk_wiz_0/inst/clk_out1 | design_1_i/nino_core_0/inst/mainreg[13][31]_i_1_n_0                                                         | design_1_i/rst_clk_wiz_0_100M/U0/peripheral_aresetn[0]                                                               |               11 |             32 |
|  design_1_i/clk_wiz_0/inst/clk_out1 | design_1_i/nino_core_0/inst/mainreg[14][31]_i_1_n_0                                                         | design_1_i/rst_clk_wiz_0_100M/U0/peripheral_aresetn[0]                                                               |                7 |             32 |
|  design_1_i/clk_wiz_0/inst/clk_out1 | design_1_i/nino_core_0/inst/mainreg[15][31]_i_1_n_0                                                         | design_1_i/rst_clk_wiz_0_100M/U0/peripheral_aresetn[0]                                                               |                8 |             32 |
|  design_1_i/clk_wiz_0/inst/clk_out1 | design_1_i/nino_core_0/inst/mainreg[16][31]_i_1_n_0                                                         | design_1_i/rst_clk_wiz_0_100M/U0/peripheral_aresetn[0]                                                               |               27 |             32 |
|  design_1_i/clk_wiz_0/inst/clk_out1 | design_1_i/nino_core_0/inst/mainreg[17][31]_i_1_n_0                                                         | design_1_i/rst_clk_wiz_0_100M/U0/peripheral_aresetn[0]                                                               |               10 |             32 |
|  design_1_i/clk_wiz_0/inst/clk_out1 | design_1_i/nino_core_0/inst/mainreg[9][31]_i_1_n_0                                                          | design_1_i/rst_clk_wiz_0_100M/U0/peripheral_aresetn[0]                                                               |                1 |             32 |
|  design_1_i/clk_wiz_0/inst/clk_out1 | design_1_i/nino_core_0/inst/mainreg[30][31]_i_1_n_0                                                         | design_1_i/rst_clk_wiz_0_100M/U0/peripheral_aresetn[0]                                                               |                3 |             32 |
|  design_1_i/clk_wiz_0/inst/clk_out1 | design_1_i/nino_core_0/inst/mainreg[8][31]_i_1_n_0                                                          | design_1_i/rst_clk_wiz_0_100M/U0/peripheral_aresetn[0]                                                               |                4 |             32 |
|  design_1_i/clk_wiz_0/inst/clk_out1 | design_1_i/nino_core_0/inst/mainreg[7][31]_i_1_n_0                                                          | design_1_i/rst_clk_wiz_0_100M/U0/peripheral_aresetn[0]                                                               |                3 |             32 |
|  design_1_i/clk_wiz_0/inst/clk_out1 | design_1_i/nino_core_0/inst/mainreg[6][31]_i_1_n_0                                                          | design_1_i/rst_clk_wiz_0_100M/U0/peripheral_aresetn[0]                                                               |                3 |             32 |
|  design_1_i/clk_wiz_0/inst/clk_out1 | design_1_i/nino_core_0/inst/mainreg[5][31]_i_1_n_0                                                          | design_1_i/rst_clk_wiz_0_100M/U0/peripheral_aresetn[0]                                                               |                2 |             32 |
|  design_1_i/clk_wiz_0/inst/clk_out1 | design_1_i/nino_core_0/inst/mainreg[4][31]_i_1_n_0                                                          | design_1_i/rst_clk_wiz_0_100M/U0/peripheral_aresetn[0]                                                               |                8 |             32 |
|  design_1_i/clk_wiz_0/inst/clk_out1 | design_1_i/nino_core_0/inst/mainreg[3][31]_i_1_n_0                                                          | design_1_i/rst_clk_wiz_0_100M/U0/peripheral_aresetn[0]                                                               |                2 |             32 |
|  design_1_i/clk_wiz_0/inst/clk_out1 | design_1_i/nino_core_0/inst/e4rdnum                                                                         |                                                                                                                      |               23 |             39 |
|  design_1_i/clk_wiz_0/inst/clk_out1 | design_1_i/nino_core_0/inst/p_1_in66_in                                                                     | design_1_i/rst_clk_wiz_0_100M/U0/peripheral_aresetn[0]                                                               |                7 |             39 |
|  design_1_i/clk_wiz_0/inst/clk_out1 | design_1_i/nino_core_0/inst/p_0_in72_in                                                                     | design_1_i/rst_clk_wiz_0_100M/U0/peripheral_aresetn[0]                                                               |               13 |             41 |
|  design_1_i/clk_wiz_0/inst/clk_out1 | design_1_i/nino_core_0/inst/p_0_in82_in                                                                     | design_1_i/rst_clk_wiz_0_100M/U0/peripheral_aresetn[0]                                                               |               30 |             44 |
|  design_1_i/clk_wiz_0/inst/clk_out1 | design_1_i/nino_core_0/inst/f2pc                                                                            | design_1_i/rst_clk_wiz_0_100M/U0/peripheral_aresetn[0]                                                               |                7 |             46 |
|  design_1_i/clk_wiz_0/inst/clk_out1 | design_1_i/nino_core_0/inst/memaddrreg                                                                      | design_1_i/rst_clk_wiz_0_100M/U0/peripheral_aresetn[0]                                                               |               10 |             52 |
|  design_1_i/clk_wiz_0/inst/clk_out1 |                                                                                                             | design_1_i/rst_clk_wiz_0_100M/U0/peripheral_aresetn[0]                                                               |               37 |             75 |
|  design_1_i/clk_wiz_0/inst/clk_out1 |                                                                                                             |                                                                                                                      |              327 |            744 |
+-------------------------------------+-------------------------------------------------------------------------------------------------------------+----------------------------------------------------------------------------------------------------------------------+------------------+----------------+


+--------+-----------------------+
| Fanout | Number of ControlSets |
+--------+-----------------------+
| 2      |                     4 |
| 3      |                     2 |
| 4      |                     3 |
| 5      |                     3 |
| 6      |                     5 |
| 8      |                     7 |
| 9      |                     1 |
| 10     |                     1 |
| 12     |                     2 |
| 14     |                     1 |
| 16+    |                    84 |
+--------+-----------------------+


