00100100000000000000000001101111
00111101110011001100110011001101
01000000000000000000000000000000
00111111100000000000000000000000
01000000100000000000000000000000
01000000000111000000000000000000
01000000010010010000111111011010
00111110111000000000000000000000
00111111000110011011000011011011
10111101101101111101011001101110
00111101111000111000111000111000
10111110000100100100100100100101
00111110010011001100110011001101
10111110101010101010101010101010
00010000000000000000000011010011
00010000000100000000000101010011
00010000000100010000000111010011
00010000000100011000001001010011
00010000000100100000001011010011
00010000000100101000001101010011
00010000000100110000000011010011
00000000000000000000001010110111
00000011010000101000001010010011
00000000000000101010001110000111
00010000001000111000000101010011
00000000001000000000000001010011
00000000000000000000001010110111
00000011000000101000001010010011
00000000000000101010000100000111
00010000001100010000000101010011
00000000001000000000000001010011
00000000000000000000001010110111
00000010110000101000001010010011
00000000000000101010000100000111
00010000010000010000000101010011
00000000001000000000000001010011
00000000000000000000001010110111
00000010100000101000001010010011
00000000000000101010000100000111
00010000010100010000000101010011
00000000001000000000000001010011
00000000000000000000001010110111
00000010010000101000001010010011
00000000000000101010000100000111
00010000011000010000000101010011
00000000001000000000000001010011
00000000000000000000001010110111
00000010000000101000001010010011
00000000000000101010000100000111
00010000000100010000000011010011
00000000000100000000000001010011
00000000000000001000000001100111
00100000000000000000000011010011
00000000000100010010000000100111
00000000000100010010010000100011
00000000110000010000000100010011
00011110100000000000000011101111
11111111010000010000000100010011
00000000100000010010000010000011
00000000000000000000001010110111
00000001110000101000001010010011
00000000000000101010000010000111
00000000000000010010010000100111
00000000000100010010100000100011
00000001010000010000000100010011
00010111110000000000000011101111
11111110110000010000000100010011
00000001000000010010000010000011
00000000000000000000001100010011
00010000011000101001010001100011
00000000000000000000001010110111
00000001100000101000001010010011
00000000000000101010000000000111
00000000000000000000001010110111
00000001010000101000001010010011
00000000000000101010000010000111
00000000100000010010000100000111
00000000000000010010100000100111
00100000001000010000000001010011
00000000000100010010110000100011
00000001110000010000000100010011
00010011110000000000000011101111
11111110010000010000000100010011
00000001100000010010000010000011
00000000000000000000001100010011
00000100011000101001111001100011
00000000000000000000001010110111
00000000100000101000001010010011
00000000000000101010000000000111
00000001000000010010000010000111
00011000000000001000000001010011
00000000000000000000001010110111
00000000110000101000001010010011
00000000000000101010000010000111
00000000100000010010000100000111
00011000001000001000000011010011
00000000000000010010110000100111
00100000000100001000000001010011
00000010000100010010000000100011
00000010010000010000000100010011
11101010100111111111000011101111
11111101110000010000000100010011
00000010000000010010000010000011
00000001100000010010000010000111
00001000000000001000000001010011
00000000000000010010000010000111
00100000000100000000000001010011
00000000000000001000000001100111
00000000000000000000001010110111
00000001000000101000001010010011
00000000000000101010000000000111
00000001000000010010000010000111
00011000000000001000000001010011
00000000000000000000001010110111
00000000110000101000001010010011
00000000000000101010000010000111
00000000100000010010000100000111
00001000000100010000000011010011
00000000000000000000001010110111
00000000110000101000001010010011
00000000000000101010000110000111
00000000001100010000000101010011
00011000001000001000000011010011
00000010000000010010000000100111
00100000000100001000000001010011
00000010000100010010010000100011
00000010110000010000000100010011
11100011110111111111000011101111
11111101010000010000000100010011
00000010100000010010000010000011
00000010000000010010000010000111
00000000000000001000000001010011
00000000000000010010000010000111
00100000000100000000000001010011
00000000000000001000000001100111
00000000100000010010000000000111
00000010000100010010010000100011
00000010110000010000000100010011
11100001000111111111000011101111
11111101010000010000000100010011
00000010100000010010000010000011
00000000000000010010000010000111
00100000000100000000000001010011
00000000000000001000000001100111
00000000000000000000001010110111
00000000010000101000001010010011
00000000000000101010000000000111
00000000000100010010000000100011
00000000010000010000000100010011
11100111110111111111000011101111
11111111110000010000000100010011
00000000000000010010000010000011
00000000000100010010000000100011
00000000010000010000000100010011
01101100000000000000000011101111
11111111110000010000000100010011
00000000000000010010000010000011
00000000000000000000000000000000
10100000000100000010001011010011
00000000000000001000000001100111
10100000000100000001001011010011
00000000000000001000000001100111
11010000000000000000110111010011
10100000000011011001001011010011
00000000000000001000000001100111
11010000000000000000110111010011
10100001101100000001001011010011
00000000000000001000000001100111
11010000000000000000110111010011
10100001101100000010001011010011
00000000000000001000000001100111
00000000000000000001111110110111
10111011110011111000111110010011
00000000000011111010110110000111
00010001101100000000000001010011
00000000000000001000000001100111
00010000000000000000000001010011
00000000000000001000000001100111
00100000000000000010000001010011
00000000000000001000000001100111
00100000000000000001000001010011
00000000000000001000000001100111
01011000000000000000000001010011
00000000000000001000000001100111
11000000000000000010110111010011
11010000000011011000000001010011
00000000000000001000000001100111
11000000000000000001001011010011
00000000000000001000000001100111
11010000000000101000000001010011
00000000000000001000000001100111
00111110100000000000000000000000
10111111100000000000000000000000
00111001010011010110010010110110
00111100000010001000011001100110
00111110001010101010101010101100
00111010101100111000000100000110
00111101001010101010011110001001
00111111100000000000000000000000
00111111000000000000000000000000
01000000010010010000111111011010
01000000000000000000000000000000
00000000010011010010000010000111
00000001101000010010000000100011
00000000000000010010010000100111
00100000000100001000110101010011
00100000000000000000000011010011
00100001101011010000000001010011
00000000000100010010100000100011
00000001010000010000000100010011
11110011100111111111000011101111
11111110110000010000000100010011
00000001000000010010000010000011
00000000000000000000001100010011
00000010011000101001001001100011
00000000000000000000001010110111
00110010010000101000001010010011
00000000000000101010000000000111
00000000100000010010000010000111
00010000000000001000000001010011
00000000000000010010110100000011
00000000000011010010110010000011
00000000000011001000000001100111
00000000100000010010000000000111
00000000000000001000000001100111
00000000000000000000001010110111
00110010000000101000001010010011
00000000000000101010000100000111
00000000000000000000001010110111
00110010010000101000001010010011
00000000000000101010000110000111
00010000001100010000000101010011
00000000000100010010000000100111
00000000000000010010010000100111
00100000001000010000000011010011
00000000000100010010100000100011
00000001010000010000000100010011
11101100110111111111000011101111
11111110110000010000000100010011
00000001000000010010000010000011
00000000000000000000001100010011
00000100011000101001101001100011
00000000100000010010000000000111
00000000000000010010000010000111
00000000000100010010100000100011
00000001010000010000000100010011
11101010100111111111000011101111
11111110110000010000000100010011
00000001000000010010000010000011
00000000000000000000001100010011
00000000011000101001101001100011
00000000000000010010000010000111
00000000100000010010000000000111
00001000000100000000000001010011
11111000110111111111000001101111
00000000000000000000001010110111
00110001110000101000001010010011
00000000000000101010000000000111
00000000000000010010000010000111
00010000000000001000000011010011
00000000100000010010000000000111
11110111000111111111000001101111
00000000100000010010000000000111
00000000000000001000000001100111
00000000000000000000001010110111
00110010000000101000001010010011
00000000000000101010000010000111
00000000000000000000001010110111
00110010010000101000001010010011
00000000000000101010000100000111
00010000001000001000000011010011
00000000000000100000110100010011
00000000100000100000001000010011
00000000000000000000001010110111
00110010100000101000001010010011
00000000010111010010000000100011
00000000000011010010001000100111
00000000000000010010000000100111
00100000000100001000000001010011
00000000000100010010010000100011
00000000110000010000000100010011
00000000000011010010110010000011
00000000000011001000000011100111
11111111010000010000000100010011
00000000100000010010000010000011
00100000000000000000000011010011
00000000000000010010000000000111
11110000100111111111000001101111
00010000000000000000000001010011
00010000000000000000000011010011
00010000000100000000000101010011
00000000000000000000001010110111
00110001100000101000001010010011
00000000000000101010000110000111
00000000000000000000001010110111
00110001110000101000001010010011
00000000000000101010001000000111
00010000000000100000000001010011
00001000000000011000000001010011
00000000000000000000001010110111
00110001010000101000001010010011
00000000000000101010000110000111
00010000000100011000000011010011
00000000000100000000000001010011
00000000000000000000001010110111
00110001000000101000001010010011
00000000000000101010000010000111
00010000001000001000000011010011
00001000000100000000000001010011
00000000000000001000000001100111
00010000000000000000000011010011
00010000000100000000000101010011
00010000000100010000000111010011
00010000000100011000000011010011
00000000000000000000001010110111
00110000110000101000001010010011
00000000000000101010001000000111
00010000001000100000000101010011
00001000001000000000000001010011
00000000000000000000001010110111
00110000100000101000001010010011
00000000000000101010000100000111
00010000001100010000000101010011
00000000001000000000000001010011
00000000000000000000001010110111
00110000010000101000001010010011
00000000000000101010000100000111
00010000000100010000000011010011
00001000000100000000000001010011
00000000000000001000000001100111
00100000000000000000000011010011
00000000000100010010000000100111
00000000000100010010010000100011
00000000110000010000000100010011
11011001000111111111000011101111
11111111010000010000000100010011
00000000100000010010000010000011
00000000000100010010010000100011
00000000110000010000000100010011
11101101010111111111000011101111
11111111010000010000000100010011
00000000100000010010000010000011
00000000000000000000001010110111
00110010000000101000001010010011
00000000000000101010000010000111
00000000000000010010010000100111
00000000000100010010100000100011
00000001010000010000000100010011
11010001000111111111000011101111
11111110110000010000000100010011
00000001000000010010000010000011
00000000000000000000001100010011
00000100011000101001000001100011
00000000000000000000001010110111
00110000000000101000001010010011
00000000000000101010000000000111
00000000000000010010000010000111
00010000000000001000000001010011
00000000000000000000001010110111
00110010000000101000001010010011
00000000000000101010000010000111
00000000100000010010000100000111
00001000000100010000000011010011
00000000000000100000001010010011
00000000100000100000001000010011
00000000000100101010001000100111
00000000000000101010000000100111
00000001110000000000000001101111
00000000000000100000001010010011
00000000100000100000001000010011
00000000100000010010000000000111
00000000000000101010001000100111
00000000000000010010000000000111
00000000000000101010000000100111
00000000010000101010000000000111
00000000000000101010000010000111
00000000000000000000001010110111
00110010000000101000001010010011
00000000000000101010000100000111
00000000000000000000001010110111
00110001110000101000001010010011
00000000000000101010000110000111
00010000001100010000000101010011
00000000000100010010100000100111
00000000000000010010110000100111
00100000001000010000000011010011
00000010000100010010000000100011
00000010010000010000000100010011
11000111000111111111000011101111
11111101110000010000000100010011
00000010000000010010000010000011
00000000000000000000001100010011
00000010011000101001100001100011
00000000000000000000001010110111
00110010000000101000001010010011
00000000000000101010000000000111
00000001100000010010000010000111
00001000000100000000000001010011
00000000000000100000001010010011
00000000100000100000001000010011
00000000000000101010001000100111
00000001000000010010000000000111
00000000000000101010000000100111
00000001110000000000000001101111
00000000000000100000001010010011
00000000100000100000001000010011
00000001100000010010000000000111
00000000000000101010001000100111
00000001000000010010000000000111
00000000000000101010000000100111
00000000010000101010000010000111
00000000000000101010000000000111
00000000000000000000001010110111
00110010000000101000001010010011
00000000000000101010000100000111
00000000000000000000001010110111
00101111110000101000001010010011
00000000000000101010000110000111
00010000001100010000000101010011
00000010000000010010000000100111
00000010000100010010010000100111
00100000001000010000000001010011
00000010000100010010100000100011
00000011010000010000000100010011
10111110000111111111000011101111
11111100110000010000000100010011
00000011000000010010000010000011
00000000000000000000001100010011
00000010011000101001000001100011
00000010100000010010000000000111
00000010000100010010100000100011
00000011010000010000000100010011
11100001100111111111000011101111
11111100110000010000000100010011
00000011000000010010000010000011
00000011110000000000000001101111
00000000000000000000001010110111
00110010000000101000001010010011
00000000000000101010000000000111
00000000000000000000001010110111
00110001110000101000001010010011
00000000000000101010000010000111
00010000000100000000000001010011
00000010100000010010000010000111
00001000000100000000000001010011
00000010000100010010100000100011
00000011010000010000000100010011
11011000010111111111000011101111
11111100110000010000000100010011
00000011000000010010000010000011
00000010000000010010000010000111
00100000000100000000000001010011
00000000000000001000000001100111
00000000000000000000001010110111
00110001100000101000001010010011
00000000000000101010000010000111
00000000000100010010000000100111
00000000000100010010010000100011
00000000110000010000000100010011
10111001110111111111000011101111
11111111010000010000000100010011
00000000100000010010000010000011
00000000000100010010010000100011
00000000110000010000000100010011
11001110000111111111000011101111
11111111010000010000000100010011
00000000100000010010000010000011
00000000000000000000001010110111
00110010000000101000001010010011
00000000000000101010000010000111
00000000000000010010010000100111
00000000000100010010100000100011
00000001010000010000000100010011
10110001110111111111000011101111
11111110110000010000000100010011
00000001000000010010000010000011
00000000000000000000001100010011
00000100011000101001000001100011
00000000000000000000001010110111
00110000000000101000001010010011
00000000000000101010000000000111
00000000000000010010000010000111
00010000000000001000000001010011
00000000000000000000001010110111
00110010000000101000001010010011
00000000000000101010000010000111
00000000100000010010000100000111
00001000000100010000000011010011
00000000000000100000001010010011
00000000100000100000001000010011
00000000000100101010001000100111
00000000000000101010000000100111
00000001110000000000000001101111
00000000000000100000001010010011
00000000100000100000001000010011
00000000100000010010000000000111
00000000000000101010001000100111
00000000000000010010000000000111
00000000000000101010000000100111
00000000010000101010000000000111
00000000000000101010000010000111
00000000000000000000001010110111
00110010000000101000001010010011
00000000000000101010000100000111
00000000000000000000001010110111
00110001110000101000001010010011
00000000000000101010000110000111
00010000001100010000000101010011
00000000000000010010100000100111
00000000000100010010110000100111
00100000001000010000000011010011
00000010000100010010000000100011
00000010010000010000000100010011
10100111110111111111000011101111
11111101110000010000000100010011
00000010000000010010000010000011
00000000000000000000001100010011
00000100011000101001000001100011
00000000000000000000001010110111
00110000000000101000001010010011
00000000000000101010000000000111
00000001100000010010000010000111
00010000000000001000000001010011
00000000000000000000001010110111
00110010000000101000001010010011
00000000000000101010000010000111
00000001000000010010000100000111
00001000001000001000000011010011
00000000000000100000001010010011
00000000100000100000001000010011
00000000000100101010001000100111
00000000000000101010000000100111
00000001110000000000000001101111
00000000000000100000001010010011
00000000100000100000001000010011
00000001000000010010000000000111
00000000000000101010001000100111
00000001100000010010000000000111
00000000000000101010000000100111
00000000010000101010000010000111
00000000000000101010000000000111
00000000000000000000001010110111
00110010000000101000001010010011
00000000000000101010000100000111
00000000000000000000001010110111
00101111110000101000001010010011
00000000000000101010000110000111
00010000001100010000000101010011
00000010000000010010000000100111
00000010000100010010010000100111
00100000001000010000000001010011
00000010000100010010100000100011
00000011010000010000000100010011
10011101110111111111000011101111
11111100110000010000000100010011
00000011000000010010000010000011
00000000000000000000001100010011
00000010011000101001000001100011
00000010100000010010000000000111
00000010000100010010100000100011
00000011010000010000000100010011
10111011110111111111000011101111
11111100110000010000000100010011
00000011000000010010000010000011
00000011110000000000000001101111
00000000000000000000001010110111
00110010000000101000001010010011
00000000000000101010000000000111
00000000000000000000001010110111
00110001110000101000001010010011
00000000000000101010000010000111
00010000000100000000000001010011
00000010100000010010000010000111
00001000000100000000000001010011
00000010000100010010100000100011
00000011010000010000000100010011
10111101100111111111000011101111
11111100110000010000000100010011
00000011000000010010000010000011
00000010000000010010000010000111
00100000000100000000000001010011
00000000000000001000000001100111
11010010000000000000000001010011
00000000000000001000000001100111
00000000000000101001000000001011
00000000000000001000000001100111
11010010000100000000000001010011
00000000000000001000000001100111
00000000001000101001001010010011
00000000010100011000110110110011
00000000000000011000001010010011
00000000011000011010000000100011
00000000010000011000000110010011
11111111101100011100110011100011
00000000000000001000000001100111
00000000001000101001001010010011
00000000010100011000110110110011
00000000000000011000001010010011
00000000000000011010000000100111
00000000010000011000000110010011
11111111101100011100110011100011
00000000000000001000000001100111
00000000100011010010010000000011
00000000010011010010010010000011
00000010100100101100010100110011
00000010100101010000010010110011
01000000100100101000001010110011
00000000001000111001010010010011
00000000100100110000110110110011
00000000010111011010000000100011
00000000000100111000001010010011
00000000100001010001010001100011
00000000000000001000000001100111
00000000000000101000001110010011
00000000000001010000001010010011
00000000000011010010110010000011
00000000000011001000000001100111
00000000010011010010010010000011
00000010100100110100011001100011
00000000001000110001010010010011
00000000100100101000110110110011
00000000000011011010010010000011
00000000001001000001010100010011
00000000101000111000110110110011
00000000100111011010000000100011
11111111111100110000001100010011
00000000000101000000010000010011
00000000000011010010110010000011
00000000000011001000000001100111
00000000000000001000000001100111
00000000100011010010001110000011
00000000010011010010010000000011
00000000011100110100010001100011
00000000000000001000000001100111
00000000001000110001001110010011
00000000011100101000110110110011
00000000000011011010001110000011
00000011000000111000001110010011
00000000010100010010000000100011
00000001101000010010001000100011
00000000100000010010010000100011
00000000011000010010011000100011
00000000000000111000001010010011
00000000000100010010101000100011
00000001100000010000000100010011
11110000110111111111000011101111
11111110100000010000000100010011
00000001010000010010000010000011
00000000100000010010001010000011
00000000110000010010001100000011
00000000010100110000001100110011
00000000000000010010001010000011
00000000010000010010110100000011
00000000000011010010110010000011
00000000000011001000000001100111
00000000000000000000001100010011
00000000011000101001011001100011
00000011000000000000001010010011
11101101100111111111000001101111
00000000011000010010000000100011
00000010010100110100100001100011
00000010110100000000001110010011
00000000010100010010001000100011
00000000000000111000001010010011
00000000000100010010011000100011
00000001000000010000000100010011
11101011100111111111000011101111
11111111000000010000000100010011
00000000110000010010000010000011
00000000010000010010001010000011
01000000010100000000001010110011
00000000010000000000000001101111
00000000101000000000001100010011
00000000000000010010001110000011
00000000010100010010010000100011
00000000011000010010011000100011
00000000000000110000001010010011
00000000000000111000001100010011
00000000000100010010101000100011
00000001100000010000000100010011
11101001000111111111000011101111
11111110100000010000000100010011
00000001010000010010000010000011
00000000000000101000001100010011
00000000000000100000110100010011
00000001000000100000001000010011
00000000000000000001001010110111
10010110100000101000001010010011
00000000010111010010000000100011
00000000000000010010001110000011
00000000011111010010010000100011
00000000110000010010001010000011
00000000010111010010001000100011
00000000100000010010010000000011
00000000011000010010100000100011
00000000000001000000001010010011
00000000000100010010101000100011
00000001100000010000000100010011
00000000000011010010110010000011
00000000000011001000000011100111
11111110100000010000000100010011
00000001010000010010000010000011
00000000110000010010001100000011
00000000000000010010001110000011
00000000010100010010101000100011
00000000000000110000001010010011
00000000000000111000001100010011
00000000000100010010111000100011
00000010000000010000000100010011
11100001110111111111000011101111
11111110000000010000000100010011
00000001110000010010000010000011
00000000000000101000001110010011
00000000000000100000110100010011
00000000100000100000001000010011
00000000000000000001001010110111
10011010010000101000001010010011
00000000010111010010000000100011
00000000000000010010010000000011
00000000100011010010001000100011
00000000000100000000001010010011
00000001010000010010001100000011
11111111111100110000010010010011
00000001000000010010010100000011
00000000011100010010110000100011
00000000010100010010111000100011
00000000000001001000001100010011
00000000000001010000001010010011
00000010000100010010001000100011
00000010100000010000000100010011
00000000000011010010110010000011
00000000000011001000000011100111
11111101100000010000000100010011
00000010010000010010000010000011
00000000000000100000110100010011
00000001000000100000001000010011
00000000000000000001001010110111
10011101100000101000001010010011
00000000010111010010000000100011
00000001010000010010001010000011
00000000010111010010010000100011
00000001110000010010001010000011
00000000010111010010001000100011
00000001100000010010001010000011
00000000000000010010001100000011
00000000000011010010110010000011
00000000000011001000000001100111
00000000101000000000110110010011
00000000000011011001000000001011
00000000000000001000000001100111
11110011010011111111000001101111
00111111000000000000000000000000
00000000000000000100001010001011
00000000100000101001001010010011
00000000000000000100001010001011
00000000100000101001001010010011
00000000000000000100001010001011
00000000100000101001001010010011
00000000000000000100001010001011
00000000000000001000000001100111
00000000000000000100110110001011
00000000100011011001110110010011
00000000000000000100110110001011
00000000100011011001110110010011
00000000000000000100110110001011
00000000100011011001110110010011
00000000000000000100110110001011
11110000000011011000000001010011
00000000000000001000000001100111
