Copyright 1986-2017 Xilinx, Inc. All Rights Reserved.
-----------------------------------------------------------------------------------------------------------------------------
| Tool Version : Vivado v.2017.4 (lin64) Build 2086221 Fri Dec 15 20:54:30 MST 2017
| Date         : Fri Oct 19 17:46:14 2018
| Host         : ispc2016 running 64-bit Ubuntu 16.04.4 LTS
| Command      : report_utilization -file design_1_wrapper_utilization_placed.rpt -pb design_1_wrapper_utilization_placed.pb
| Design       : design_1_wrapper
| Device       : xcku040ffva1156-2
| Design State : Fully Placed
-----------------------------------------------------------------------------------------------------------------------------

Utilization Design Information

Table of Contents
-----------------
1. CLB Logic
1.1 Summary of Registers by Type
2. CLB Logic Distribution
3. BLOCKRAM
4. ARITHMETIC
5. I/O
6. CLOCK
7. ADVANCED
8. CONFIGURATION
9. Primitives
10. Black Boxes
11. Instantiated Netlists

1. CLB Logic
------------

+----------------------------+------+-------+-----------+-------+
|          Site Type         | Used | Fixed | Available | Util% |
+----------------------------+------+-------+-----------+-------+
| CLB LUTs                   | 3954 |     0 |    242400 |  1.63 |
|   LUT as Logic             | 3935 |     0 |    242400 |  1.62 |
|   LUT as Memory            |   19 |     0 |    112800 |  0.02 |
|     LUT as Distributed RAM |    0 |     0 |           |       |
|     LUT as Shift Register  |   19 |     0 |           |       |
| CLB Registers              | 1427 |     0 |    484800 |  0.29 |
|   Register as Flip Flop    | 1427 |     0 |    484800 |  0.29 |
|   Register as Latch        |    0 |     0 |    484800 |  0.00 |
| CARRY8                     |   32 |     0 |     30300 |  0.11 |
| F7 Muxes                   |  279 |     0 |    121200 |  0.23 |
| F8 Muxes                   |   52 |     0 |     60600 |  0.09 |
| F9 Muxes                   |    0 |     0 |     30300 |  0.00 |
+----------------------------+------+-------+-----------+-------+


1.1 Summary of Registers by Type
--------------------------------

+-------+--------------+-------------+--------------+
| Total | Clock Enable | Synchronous | Asynchronous |
+-------+--------------+-------------+--------------+
| 0     |            _ |           - |            - |
| 0     |            _ |           - |          Set |
| 0     |            _ |           - |        Reset |
| 0     |            _ |         Set |            - |
| 0     |            _ |       Reset |            - |
| 0     |          Yes |           - |            - |
| 0     |          Yes |           - |          Set |
| 0     |          Yes |           - |        Reset |
| 19    |          Yes |         Set |            - |
| 1408  |          Yes |       Reset |            - |
+-------+--------------+-------------+--------------+


2. CLB Logic Distribution
-------------------------

+-------------------------------------------+------+-------+-----------+-------+
|                 Site Type                 | Used | Fixed | Available | Util% |
+-------------------------------------------+------+-------+-----------+-------+
| CLB                                       |  664 |     0 |     30300 |  2.19 |
|   CLBL                                    |  268 |     0 |           |       |
|   CLBM                                    |  396 |     0 |           |       |
| LUT as Logic                              | 3935 |     0 |    242400 |  1.62 |
|   using O5 output only                    |   56 |       |           |       |
|   using O6 output only                    | 3467 |       |           |       |
|   using O5 and O6                         |  412 |       |           |       |
| LUT as Memory                             |   19 |     0 |    112800 |  0.02 |
|   LUT as Distributed RAM                  |    0 |     0 |           |       |
|   LUT as Shift Register                   |   19 |     0 |           |       |
|     using O5 output only                  |    0 |       |           |       |
|     using O6 output only                  |   19 |       |           |       |
|     using O5 and O6                       |    0 |       |           |       |
| LUT Flip Flop Pairs                       | 1266 |     0 |    242400 |  0.52 |
|   fully used LUT-FF pairs                 |   39 |       |           |       |
|   LUT-FF pairs with one unused LUT output | 1226 |       |           |       |
|   LUT-FF pairs with one unused Flip Flop  | 1204 |       |           |       |
| Unique Control Sets                       |   68 |       |           |       |
+-------------------------------------------+------+-------+-----------+-------+
* Note: Review the Control Sets Report for more information regarding control sets.


3. BLOCKRAM
-----------

+-------------------+------+-------+-----------+-------+
|     Site Type     | Used | Fixed | Available | Util% |
+-------------------+------+-------+-----------+-------+
| Block RAM Tile    |    4 |     0 |       600 |  0.67 |
|   RAMB36/FIFO*    |    4 |     0 |       600 |  0.67 |
|     RAMB36E2 only |    4 |       |           |       |
|   RAMB18          |    0 |     0 |      1200 |  0.00 |
+-------------------+------+-------+-----------+-------+
* Note: Each Block RAM Tile only has one FIFO logic available and therefore can accommodate only one FIFO36E2 or one FIFO18E2. However, if a FIFO18E2 occupies a Block RAM Tile, that tile can still accommodate a RAMB18E2


4. ARITHMETIC
-------------

+-----------+------+-------+-----------+-------+
| Site Type | Used | Fixed | Available | Util% |
+-----------+------+-------+-----------+-------+
| DSPs      |    0 |     0 |      1920 |  0.00 |
+-----------+------+-------+-----------+-------+


5. I/O
------

+------------------+------+-------+-----------+-------+
|     Site Type    | Used | Fixed | Available | Util% |
+------------------+------+-------+-----------+-------+
| Bonded IOB       |    8 |     8 |       520 |  1.54 |
| HPIOB            |    2 |     2 |       416 |  0.48 |
|   INPUT          |    2 |       |           |       |
|   OUTPUT         |    0 |       |           |       |
|   BIDIR          |    0 |       |           |       |
| HRIO             |    6 |     6 |       104 |  5.77 |
|   INPUT          |    2 |       |           |       |
|   OUTPUT         |    4 |       |           |       |
|   BIDIR          |    0 |       |           |       |
| HPIOBDIFFINBUF   |    1 |     1 |       192 |  0.52 |
|   DIFFINBUF      |    1 |     1 |           |       |
| HPIOBDIFFOUTBUF  |    0 |     0 |       192 |  0.00 |
| HRIODIFFINBUF    |    0 |     0 |        48 |  0.00 |
| HRIODIFFOUTBUF   |    0 |     0 |        48 |  0.00 |
| BITSLICE_CONTROL |    0 |     0 |        80 |  0.00 |
| BITSLICE_RX_TX   |    0 |     0 |       520 |  0.00 |
| BITSLICE_TX      |    0 |     0 |        80 |  0.00 |
| RIU_OR           |    0 |     0 |        40 |  0.00 |
+------------------+------+-------+-----------+-------+


6. CLOCK
--------

+----------------------+------+-------+-----------+-------+
|       Site Type      | Used | Fixed | Available | Util% |
+----------------------+------+-------+-----------+-------+
| GLOBAL CLOCK BUFFERs |    3 |     0 |       480 |  0.63 |
|   BUFGCE             |    3 |     0 |       240 |  1.25 |
|   BUFGCE_DIV         |    0 |     0 |        40 |  0.00 |
|   BUFG_GT            |    0 |     0 |       120 |  0.00 |
|   BUFGCTRL*          |    0 |     0 |        80 |  0.00 |
| PLLE3_ADV            |    0 |     0 |        20 |  0.00 |
| MMCME3_ADV           |    1 |     0 |        10 | 10.00 |
+----------------------+------+-------+-----------+-------+
* Note: Each used BUFGCTRL counts as two global buffer resources. This table does not include global clocking resources, only buffer cell usage. See the Clock Utilization Report (report_clock_utilization) for detailed accounting of global clocking resource availability.


7. ADVANCED
-----------

+-----------------+------+-------+-----------+-------+
|    Site Type    | Used | Fixed | Available | Util% |
+-----------------+------+-------+-----------+-------+
| GTHE3_CHANNEL   |    0 |     0 |        20 |  0.00 |
| GTHE3_COMMON    |    0 |     0 |         5 |  0.00 |
| IBUFDS_GTE3     |    0 |     0 |        10 |  0.00 |
| OBUFDS_GTE3     |    0 |     0 |        10 |  0.00 |
| OBUFDS_GTE3_ADV |    0 |     0 |        10 |  0.00 |
| PCIE_3_1        |    0 |     0 |         3 |  0.00 |
| SYSMONE1        |    0 |     0 |         1 |  0.00 |
+-----------------+------+-------+-----------+-------+


8. CONFIGURATION
----------------

+-------------+------+-------+-----------+-------+
|  Site Type  | Used | Fixed | Available | Util% |
+-------------+------+-------+-----------+-------+
| BSCANE2     |    0 |     0 |         4 |  0.00 |
| DNA_PORTE2  |    0 |     0 |         1 |  0.00 |
| EFUSE_USR   |    0 |     0 |         1 |  0.00 |
| FRAME_ECCE3 |    0 |     0 |         1 |  0.00 |
| ICAPE3      |    0 |     0 |         2 |  0.00 |
| MASTER_JTAG |    0 |     0 |         1 |  0.00 |
| STARTUPE3   |    0 |     0 |         1 |  0.00 |
+-------------+------+-------+-----------+-------+


9. Primitives
-------------

+------------+------+---------------------+
|  Ref Name  | Used | Functional Category |
+------------+------+---------------------+
| LUT6       | 2597 |                 CLB |
| FDRE       | 1408 |            Register |
| LUT5       |  791 |                 CLB |
| LUT4       |  463 |                 CLB |
| LUT3       |  285 |                 CLB |
| MUXF7      |  279 |                 CLB |
| LUT2       |  203 |                 CLB |
| MUXF8      |   52 |                 CLB |
| CARRY8     |   32 |                 CLB |
| SRL16E     |   19 |                 CLB |
| FDSE       |   19 |            Register |
| LUT1       |    8 |                 CLB |
| RAMB36E2   |    4 |           Block Ram |
| OBUF       |    4 |                 I/O |
| IBUFCTRL   |    3 |              Others |
| BUFGCE     |    3 |               Clock |
| INBUF      |    2 |                 I/O |
| MMCME3_ADV |    1 |               Clock |
| DIFFINBUF  |    1 |                 I/O |
+------------+------+---------------------+


10. Black Boxes
---------------

+----------+------+
| Ref Name | Used |
+----------+------+


11. Instantiated Netlists
-------------------------

+-------------------------------+------+
|            Ref Name           | Used |
+-------------------------------+------+
| design_1_rst_clk_wiz_0_100M_0 |    1 |
| design_1_f_core_0_0           |    1 |
| design_1_clk_wiz_0_0          |    1 |
| design_1_blk_mem_gen_1_0      |    1 |
| design_1_blk_mem_gen_0_0      |    1 |
| design_1_axi_uartlite_0_0     |    1 |
+-------------------------------+------+


