#-----------------------------------------------------------
# xsim v2017.4 (64-bit)
# SW Build 2086221 on Fri Dec 15 20:54:30 MST 2017
# IP Build 2085800 on Fri Dec 15 22:25:07 MST 2017
# Start of session at: Mon Dec  3 21:21:52 2018
# Process ID: 15079
# Current directory: /home/tansei/Desktop/186cpu/fpu/FSQRT
# Command line: xsim -mode tcl -source {xsim.dir/test_fsqrt.sim/xsim_script.tcl}
# Log file: /home/tansei/Desktop/186cpu/fpu/FSQRT/xsim.log
# Journal file: /home/tansei/Desktop/186cpu/fpu/FSQRT/xsim.jou
#-----------------------------------------------------------
source xsim.dir/test_fsqrt.sim/xsim_script.tcl
# xsim {test_fsqrt.sim} -autoloadwcfg -runall
Vivado Simulator 2017.4
Time resolution is 1 ps
run -all
x      =1.717987e+10  01010000011111111111111111111111
true y =1.310720e+05  01000111111111111111111111111111 
my   y =6.553600e+04  01000111100000000000000000000000 

nib =100000000000011000000000
110000000000001100000000 - 010000000000001011111111 = 100000000000000000000001
an =100000000000000000000000011111111111111111111111 

$finish called at time : 33554432 ns : File "/home/tansei/Desktop/186cpu/fpu/FSQRT/test_fsqrt.sv" Line 80
run: Time (s): cpu = 00:00:00.01 ; elapsed = 00:00:30 . Memory (MB): peak = 1239.016 ; gain = 0.000 ; free physical = 1200 ; free virtual = 26275
exit
INFO: [Common 17-206] Exiting xsim at Mon Dec  3 21:22:29 2018...
