#-----------------------------------------------------------
# xsim v2017.4 (64-bit)
# SW Build 2086221 on Fri Dec 15 20:54:30 MST 2017
# IP Build 2085800 on Fri Dec 15 22:25:07 MST 2017
# Start of session at: Mon Dec  3 21:05:42 2018
# Process ID: 14668
# Current directory: /home/tansei/Desktop/186cpu/fpu/FSQRT
# Command line: xsim -mode tcl -source {xsim.dir/test_fsqrt.sim/xsim_script.tcl}
# Log file: /home/tansei/Desktop/186cpu/fpu/FSQRT/xsim.log
# Journal file: /home/tansei/Desktop/186cpu/fpu/FSQRT/xsim.jou
#-----------------------------------------------------------
source xsim.dir/test_fsqrt.sim/xsim_script.tcl
# xsim {test_fsqrt.sim} -autoloadwcfg -runall
Vivado Simulator 2017.4
Time resolution is 1 ps
run -all
x      =9.663676e+09  01010000000100000000000000000000
true y =9.830400e+04  01000111110000000000000000000000 
my   y =6.757800e+04  01000111100000111111110100000000 

nib =100101111010011110000010
111111111111100011100100 - 000101010101001110001110 = 111010101010010101010110
an =100000111111110100000000011000000000000000000000 

$finish called at time : 18874370 ns : File "/home/tansei/Desktop/186cpu/fpu/FSQRT/test_fsqrt.sv" Line 80
run: Time (s): cpu = 00:00:00 ; elapsed = 00:00:17 . Memory (MB): peak = 1239.020 ; gain = 0.000 ; free physical = 1179 ; free virtual = 26258
exit
INFO: [Common 17-206] Exiting xsim at Mon Dec  3 21:06:07 2018...
