#-----------------------------------------------------------
# xsim v2017.4 (64-bit)
# SW Build 2086221 on Fri Dec 15 20:54:30 MST 2017
# IP Build 2085800 on Fri Dec 15 22:25:07 MST 2017
# Start of session at: Mon Dec  3 21:07:54 2018
# Process ID: 14818
# Current directory: /home/tansei/Desktop/186cpu/fpu/FSQRT
# Command line: xsim -mode tcl -source {xsim.dir/test_fsqrt.sim/xsim_script.tcl}
# Log file: /home/tansei/Desktop/186cpu/fpu/FSQRT/xsim.log
# Journal file: /home/tansei/Desktop/186cpu/fpu/FSQRT/xsim.jou
#-----------------------------------------------------------
source xsim.dir/test_fsqrt.sim/xsim_script.tcl
# xsim {test_fsqrt.sim} -autoloadwcfg -runall
Vivado Simulator 2017.4
Time resolution is 1 ps
run -all
x      =1.082130e+10  01010000001000010100000000000000
true y =1.040255e+05  01000111110010110010110011000000 
my   y =1.131526e+05  01000111110111010000000001001100 

nib =111111111111100100010101
111100011110010101110110 - 010000100111011101001000 = 101011110110111000101110
an =011011101000000000100110011110011000000000000000 

$finish called at time : 21135362 ns : File "/home/tansei/Desktop/186cpu/fpu/FSQRT/test_fsqrt.sv" Line 80
run: Time (s): cpu = 00:00:00.01 ; elapsed = 00:00:19 . Memory (MB): peak = 1239.012 ; gain = 0.000 ; free physical = 1169 ; free virtual = 26242
exit
INFO: [Common 17-206] Exiting xsim at Mon Dec  3 21:08:20 2018...
